<?xml version='1.0'?>
<ns2:test-suite xmlns:ns2='urn:model.allure.qatools.yandex.ru' start='1668740541057' stop='1668740541062'>
    <name>Confirming Word Validation</name>
    <title>Confirming Word Validation</title>
    <test-cases>
        <test-case start='1668740541060' status='pending' stop='1668740541060'>
            <name>go to spelling bee</name>
            <title>go to spelling bee</title>
            <labels/>
            <parameters/>
            <steps/>
            <attachments/>
            <failure>
                <message>Test ignored</message>
                <stack-trace>undefined</stack-trace>
            </failure>
        </test-case>
        <test-case start='1668740541060' status='pending' stop='1668740541060'>
            <name>Open Stats Modal</name>
            <title>Open Stats Modal</title>
            <labels/>
            <parameters/>
            <steps/>
            <attachments/>
            <failure>
                <message>Test ignored</message>
                <stack-trace>undefined</stack-trace>
            </failure>
        </test-case>
        <test-case start='1668740541060' status='pending' stop='1668740541060'>
            <name>verify each day of the week</name>
            <title>verify each day of the week</title>
            <labels/>
            <parameters/>
            <steps/>
            <attachments/>
            <failure>
                <message>Test ignored</message>
                <stack-trace>undefined</stack-trace>
            </failure>
        </test-case>
        <test-case start='1668740541060' status='pending' stop='1668740541060'>
            <name>verify raking with little points </name>
            <title>verify raking with little points </title>
            <labels/>
            <parameters/>
            <steps/>
            <attachments/>
            <failure>
                <message>Test ignored</message>
                <stack-trace>undefined</stack-trace>
            </failure>
        </test-case>
    </test-cases>
</ns2:test-suite>